<?xml version="1.0" encoding="UTF-8"?>
<testsuite name="tests.PracticeFormTests" tests="1" skipped="0" failures="0" errors="0" timestamp="2025-05-22T16:06:46" hostname="VIOLETTA" time="9.119">
  <properties/>
  <testcase name="studentRegFormPositiveTest" classname="tests.PracticeFormTests" time="9.119"/>
  <system-out><![CDATA[Windows 11
]]></system-out>
  <system-err><![CDATA[May 22, 2025 7:06:44 PM org.openqa.selenium.manager.SeleniumManager lambda$runCommand$1
WARNING: The chromedriver version (135.0.7049.95) detected in PATH at C:\Tools\chromedriver.exe might not be compatible with the detected chrome version (136.0.7103.114); currently, chromedriver 136.0.7103.113 is recommended for chrome 136.*, so it is advised to delete the driver in PATH and retry
May 22, 2025 7:06:46 PM org.openqa.selenium.devtools.CdpVersionFinder findNearestMatch
WARNING: Unable to find CDP implementation matching 136
May 22, 2025 7:06:46 PM org.openqa.selenium.chromium.ChromiumDriver lambda$new$5
WARNING: Unable to find version of CDP to use for 136.0.7103.114. You may need to include a dependency on a specific version of the CDP using something similar to `org.seleniumhq.selenium:selenium-devtools-v86:4.16.1` where the version ("v86") matches the version of the chromium-based browser you're using and the version number of the artifact is the same as Selenium's.
]]></system-err>
</testsuite>
